TravelApp/app/build/intermediates/manifest_merge_blame_file/debug/manifest-merger-blame-debug-report.txt
1<?xml version="1.0" encoding="utf-8"?>
2<manifest xmlns:android="http://schemas.android.com/apk/res/android"
3    package="jwest.android_class.travel_app"
4    android:versionCode="1"
5    android:versionName="1.0" >
6
7    <uses-sdk
8        android:minSdkVersion="19"
8-->src/main/AndroidManifest.xml
9        android:targetSdkVersion="29" />
9-->src/main/AndroidManifest.xml
10
11    <uses-permission android:name="android.permission.ACCESS_COARSE_LOCATION" />
11-->src/main/AndroidManifest.xml:4:5-81
11-->src/main/AndroidManifest.xml:4:22-78
12    <uses-permission android:name="android.permission.ACCESS_FINE_LOCATION" />
12-->src/main/AndroidManifest.xml:5:5-79
12-->src/main/AndroidManifest.xml:5:22-76
13    <uses-permission android:name="android.permission.WRITE_EXTERNAL_STORAGE" />
13-->src/main/AndroidManifest.xml:6:5-81
13-->src/main/AndroidManifest.xml:6:22-78
14
15    <uses-feature
15-->src/main/AndroidManifest.xml:27:5-30:11
16        android:glEsVersion="0x00020000"
16-->src/main/AndroidManifest.xml:28:9-41
17        android:required="true" />
17-->src/main/AndroidManifest.xml:29:9-32
18    <!-- Include required permissions for Google Maps API to run. -->
19    <uses-permission android:name="android.permission.ACCESS_NETWORK_STATE" />
19-->[com.google.android.gms:play-services-maps:16.1.0] AndroidManifest.xml:23:5-79
19-->[com.google.android.gms:play-services-maps:16.1.0] AndroidManifest.xml:23:22-76
20    <uses-permission android:name="android.permission.INTERNET" />
20-->[com.google.android.gms:play-services-maps:16.1.0] AndroidManifest.xml:24:5-67
20-->[com.google.android.gms:play-services-maps:16.1.0] AndroidManifest.xml:24:22-64
21    <uses-permission android:name="android.permission.WAKE_LOCK" />
21-->[com.google.firebase:firebase-measurement-connector-impl:17.0.2] AndroidManifest.xml:24:5-68
21-->[com.google.firebase:firebase-measurement-connector-impl:17.0.2] AndroidManifest.xml:24:22-65
22    <uses-permission android:name="com.google.android.finsky.permission.BIND_GET_INSTALL_REFERRER_SERVICE" /> <!-- Required by older versions of Google Play services to create IID tokens -->
22-->[com.google.firebase:firebase-analytics:16.0.4] AndroidManifest.xml:26:5-110
22-->[com.google.firebase:firebase-analytics:16.0.4] AndroidManifest.xml:26:22-107
23    <uses-permission android:name="com.google.android.c2dm.permission.RECEIVE" />
23-->[com.google.firebase:firebase-iid:17.0.3] AndroidManifest.xml:26:5-82
23-->[com.google.firebase:firebase-iid:17.0.3] AndroidManifest.xml:26:22-79
24
25    <application
25-->src/main/AndroidManifest.xml:8:5-25:19
26        android:allowBackup="true"
26-->src/main/AndroidManifest.xml:9:9-35
27        android:appComponentFactory="androidx.core.app.CoreComponentFactory"
27-->[androidx.core:core:1.1.0] AndroidManifest.xml:24:18-86
28        android:debuggable="true"
29        android:icon="@mipmap/ic_launcher"
29-->src/main/AndroidManifest.xml:10:9-43
30        android:label="@string/app_name"
30-->src/main/AndroidManifest.xml:11:9-41
31        android:roundIcon="@mipmap/ic_launcher_round"
31-->src/main/AndroidManifest.xml:12:9-54
32        android:supportsRtl="true"
32-->src/main/AndroidManifest.xml:13:9-35
33        android:testOnly="true"
34        android:theme="@style/AppTheme" >
34-->src/main/AndroidManifest.xml:14:9-40
35        <activity android:name="jwest.android_class.travel_app.MainActivity" >
35-->src/main/AndroidManifest.xml:15:9-21:20
35-->src/main/AndroidManifest.xml:15:19-47
36            <intent-filter>
36-->src/main/AndroidManifest.xml:16:13-20:29
37                <action android:name="android.intent.action.MAIN" />
37-->src/main/AndroidManifest.xml:17:17-69
37-->src/main/AndroidManifest.xml:17:25-66
38
39                <category android:name="android.intent.category.LAUNCHER" />
39-->src/main/AndroidManifest.xml:19:17-77
39-->src/main/AndroidManifest.xml:19:27-74
40            </intent-filter>
41        </activity>
42
43        <meta-data
43-->src/main/AndroidManifest.xml:22:9-24:55
44            android:name="com.google.android.geo.API_KEY"
44-->src/main/AndroidManifest.xml:23:13-58
45            android:value="@string/google_maps_key" />
45-->src/main/AndroidManifest.xml:24:13-52
46        <!-- Needs to be explicitly declared on P+ -->
47        <uses-library
47-->[com.google.android.gms:play-services-maps:16.1.0] AndroidManifest.xml:33:9-35:40
48            android:name="org.apache.http.legacy"
48-->[com.google.android.gms:play-services-maps:16.1.0] AndroidManifest.xml:34:13-50
49            android:required="false" />
49-->[com.google.android.gms:play-services-maps:16.1.0] AndroidManifest.xml:35:13-37
50
51        <service
51-->[com.google.firebase:firebase-measurement-connector-impl:17.0.2] AndroidManifest.xml:27:9-31:19
52            android:name="com.google.firebase.components.ComponentDiscoveryService"
52-->[com.google.firebase:firebase-measurement-connector-impl:17.0.2] AndroidManifest.xml:27:18-89
53            android:exported="false" >
53-->[com.google.firebase:firebase-iid:17.0.3] AndroidManifest.xml:31:13-37
54            <meta-data
54-->[com.google.firebase:firebase-measurement-connector-impl:17.0.2] AndroidManifest.xml:28:13-30:85
55                android:name="com.google.firebase.components:com.google.firebase.analytics.connector.internal.AnalyticsConnectorRegistrar"
55-->[com.google.firebase:firebase-measurement-connector-impl:17.0.2] AndroidManifest.xml:29:17-139
56                android:value="com.google.firebase.components.ComponentRegistrar" />
56-->[com.google.firebase:firebase-measurement-connector-impl:17.0.2] AndroidManifest.xml:30:17-82
57            <meta-data
57-->[com.google.firebase:firebase-iid:17.0.3] AndroidManifest.xml:32:13-34:85
58                android:name="com.google.firebase.components:com.google.firebase.iid.Registrar"
58-->[com.google.firebase:firebase-iid:17.0.3] AndroidManifest.xml:33:17-96
59                android:value="com.google.firebase.components.ComponentRegistrar" />
59-->[com.google.firebase:firebase-iid:17.0.3] AndroidManifest.xml:34:17-82
60        </service>
61
62        <receiver
62-->[com.google.firebase:firebase-analytics:16.0.4] AndroidManifest.xml:29:9-33:20
63            android:name="com.google.android.gms.measurement.AppMeasurementReceiver"
63-->[com.google.firebase:firebase-analytics:16.0.4] AndroidManifest.xml:30:13-85
64            android:enabled="true"
64-->[com.google.firebase:firebase-analytics:16.0.4] AndroidManifest.xml:31:13-35
65            android:exported="false" >
65-->[com.google.firebase:firebase-analytics:16.0.4] AndroidManifest.xml:32:13-37
66        </receiver>
67        <receiver
67-->[com.google.firebase:firebase-analytics:16.0.4] AndroidManifest.xml:34:9-42:20
68            android:name="com.google.android.gms.measurement.AppMeasurementInstallReferrerReceiver"
68-->[com.google.firebase:firebase-analytics:16.0.4] AndroidManifest.xml:35:13-100
69            android:enabled="true"
69-->[com.google.firebase:firebase-analytics:16.0.4] AndroidManifest.xml:36:13-35
70            android:exported="true"
70-->[com.google.firebase:firebase-analytics:16.0.4] AndroidManifest.xml:37:13-36
71            android:permission="android.permission.INSTALL_PACKAGES" >
71-->[com.google.firebase:firebase-analytics:16.0.4] AndroidManifest.xml:38:13-69
72            <intent-filter>
72-->[com.google.firebase:firebase-analytics:16.0.4] AndroidManifest.xml:39:13-41:29
73                <action android:name="com.android.vending.INSTALL_REFERRER" />
73-->[com.google.firebase:firebase-analytics:16.0.4] AndroidManifest.xml:40:17-79
73-->[com.google.firebase:firebase-analytics:16.0.4] AndroidManifest.xml:40:25-76
74            </intent-filter>
75        </receiver>
76
77        <service
77-->[com.google.firebase:firebase-analytics:16.0.4] AndroidManifest.xml:44:9-47:40
78            android:name="com.google.android.gms.measurement.AppMeasurementService"
78-->[com.google.firebase:firebase-analytics:16.0.4] AndroidManifest.xml:45:13-84
79            android:enabled="true"
79-->[com.google.firebase:firebase-analytics:16.0.4] AndroidManifest.xml:46:13-35
80            android:exported="false" />
80-->[com.google.firebase:firebase-analytics:16.0.4] AndroidManifest.xml:47:13-37
81        <service
81-->[com.google.firebase:firebase-analytics:16.0.4] AndroidManifest.xml:48:9-52:72
82            android:name="com.google.android.gms.measurement.AppMeasurementJobService"
82-->[com.google.firebase:firebase-analytics:16.0.4] AndroidManifest.xml:49:13-87
83            android:enabled="true"
83-->[com.google.firebase:firebase-analytics:16.0.4] AndroidManifest.xml:50:13-35
84            android:exported="false"
84-->[com.google.firebase:firebase-analytics:16.0.4] AndroidManifest.xml:51:13-37
85            android:permission="android.permission.BIND_JOB_SERVICE" />
85-->[com.google.firebase:firebase-analytics:16.0.4] AndroidManifest.xml:52:13-69
86
87        <receiver
87-->[com.google.firebase:firebase-iid:17.0.3] AndroidManifest.xml:37:9-44:20
88            android:name="com.google.firebase.iid.FirebaseInstanceIdReceiver"
88-->[com.google.firebase:firebase-iid:17.0.3] AndroidManifest.xml:38:13-78
89            android:exported="true"
89-->[com.google.firebase:firebase-iid:17.0.3] AndroidManifest.xml:39:13-36
90            android:permission="com.google.android.c2dm.permission.SEND" >
90-->[com.google.firebase:firebase-iid:17.0.3] AndroidManifest.xml:40:13-73
91            <intent-filter>
91-->[com.google.firebase:firebase-iid:17.0.3] AndroidManifest.xml:41:13-43:29
92                <action android:name="com.google.android.c2dm.intent.RECEIVE" />
92-->[com.google.firebase:firebase-iid:17.0.3] AndroidManifest.xml:42:17-81
92-->[com.google.firebase:firebase-iid:17.0.3] AndroidManifest.xml:42:25-78
93            </intent-filter>
94        </receiver>
95        <!--
96             FirebaseInstanceIdService performs security checks at runtime,
97             no need for explicit permissions despite exported="true"
98        -->
99        <service
99-->[com.google.firebase:firebase-iid:17.0.3] AndroidManifest.xml:50:9-56:19
100            android:name="com.google.firebase.iid.FirebaseInstanceIdService"
100-->[com.google.firebase:firebase-iid:17.0.3] AndroidManifest.xml:51:13-77
101            android:exported="true" >
101-->[com.google.firebase:firebase-iid:17.0.3] AndroidManifest.xml:52:13-36
102            <intent-filter android:priority="-500" >
102-->[com.google.firebase:firebase-iid:17.0.3] AndroidManifest.xml:53:13-55:29
102-->[com.google.firebase:firebase-iid:17.0.3] AndroidManifest.xml:53:28-51
103                <action android:name="com.google.firebase.INSTANCE_ID_EVENT" />
103-->[com.google.firebase:firebase-iid:17.0.3] AndroidManifest.xml:54:17-80
103-->[com.google.firebase:firebase-iid:17.0.3] AndroidManifest.xml:54:25-77
104            </intent-filter>
105        </service>
106
107        <activity
107-->[com.google.android.gms:play-services-base:16.0.1] AndroidManifest.xml:23:9-26:75
108            android:name="com.google.android.gms.common.api.GoogleApiActivity"
108-->[com.google.android.gms:play-services-base:16.0.1] AndroidManifest.xml:24:13-79
109            android:exported="false"
109-->[com.google.android.gms:play-services-base:16.0.1] AndroidManifest.xml:25:13-37
110            android:theme="@android:style/Theme.Translucent.NoTitleBar" />
110-->[com.google.android.gms:play-services-base:16.0.1] AndroidManifest.xml:26:13-72
111
112        <provider
112-->[com.google.firebase:firebase-common:16.0.3] AndroidManifest.xml:10:9-14:39
113            android:name="com.google.firebase.provider.FirebaseInitProvider"
113-->[com.google.firebase:firebase-common:16.0.3] AndroidManifest.xml:11:13-77
114            android:authorities="jwest.android_class.travel_app.firebaseinitprovider"
114-->[com.google.firebase:firebase-common:16.0.3] AndroidManifest.xml:12:13-72
115            android:exported="false"
115-->[com.google.firebase:firebase-common:16.0.3] AndroidManifest.xml:13:13-37
116            android:initOrder="100" />
116-->[com.google.firebase:firebase-common:16.0.3] AndroidManifest.xml:14:13-36
117
118        <meta-data
118-->[com.google.android.gms:play-services-basement:16.0.1] AndroidManifest.xml:23:9-25:69
119            android:name="com.google.android.gms.version"
119-->[com.google.android.gms:play-services-basement:16.0.1] AndroidManifest.xml:24:13-58
120            android:value="@integer/google_play_services_version" />
120-->[com.google.android.gms:play-services-basement:16.0.1] AndroidManifest.xml:25:13-66
121    </application>
122
123</manifest>